
*** Running vivado
    with args -log top.vds -m64 -product Vivado -mode batch -messageDb vivado.pb -notrace -source top.tcl



****** Vivado v2023.1 (64-bit)
  **** SW Build 3865809 on Sun May  7 15:05:29 MDT 2023
  **** IP Build 3864474 on Sun May  7 20:36:21 MDT 2023
  **** SharedData Build 3865790 on Sun May 07 13:33:03 MDT 2023
    ** Copyright 1986-2022 Xilinx, Inc. All Rights Reserved.
    ** Copyright 2022-2023 Advanced Micro Devices, Inc. All Rights Reserved.

source top.tcl -notrace
create_project: Time (s): cpu = 00:00:05 ; elapsed = 00:00:06 . Memory (MB): peak = 1458.047 ; gain = 159.672
Command: read_checkpoint -auto_incremental -incremental C:/Users/training/Proiect_D8/Proiect_D8.srcs/utils_1/imports/synth_1/top.dcp
INFO: [Vivado 12-5825] Read reference checkpoint from C:/Users/training/Proiect_D8/Proiect_D8.srcs/utils_1/imports/synth_1/top.dcp for incremental synthesis
INFO: [Vivado 12-7989] Please ensure there are no constraint changes
Command: synth_design -top top -part xc7z007sclg400-1
Starting synth_design
Attempting to get a license for feature 'Synthesis' and/or device 'xc7z007s'
INFO: [Common 17-349] Got license for feature 'Synthesis' and/or device 'xc7z007s'
INFO: [Device 21-403] Loading part xc7z007sclg400-1
INFO: [Designutils 20-5440] No compile time benefit to using incremental synthesis; A full resynthesis will be run
INFO: [Designutils 20-4379] Flow is switching to default flow due to incremental criteria not met. If you would like to alter this behaviour and have the flow terminate instead, please set the following parameter config_implementation {autoIncr.Synth.RejectBehavior Terminate}
INFO: [Synth 8-7079] Multithreading enabled for synth_design using a maximum of 2 processes.
INFO: [Synth 8-7078] Launching helper process for spawning children vivado processes
INFO: [Synth 8-7075] Helper process launched with PID 22056
---------------------------------------------------------------------------------
Starting RTL Elaboration : Time (s): cpu = 00:00:06 ; elapsed = 00:00:06 . Memory (MB): peak = 2279.320 ; gain = 411.051
---------------------------------------------------------------------------------
INFO: [Synth 8-6157] synthesizing module 'top' [C:/Users/training/Proiect_D8/Proiect_D8.srcs/sources_1/new/ROM.v:210]
INFO: [Synth 8-6157] synthesizing module 'clk_divider' [C:/Users/training/Proiect_D8/Proiect_D8.srcs/sources_1/new/ROM.v:100]
INFO: [Synth 8-6155] done synthesizing module 'clk_divider' (0#1) [C:/Users/training/Proiect_D8/Proiect_D8.srcs/sources_1/new/ROM.v:100]
INFO: [Synth 8-6157] synthesizing module 'one_period' [C:/Users/training/Proiect_D8/Proiect_D8.srcs/sources_1/new/ROM.v:184]
INFO: [Synth 8-6155] done synthesizing module 'one_period' (0#1) [C:/Users/training/Proiect_D8/Proiect_D8.srcs/sources_1/new/ROM.v:184]
INFO: [Synth 8-6157] synthesizing module 'ROM' [C:/Users/training/Proiect_D8/Proiect_D8.srcs/sources_1/new/ROM.v:1]
INFO: [Synth 8-3876] $readmem data file 'ROM_MEM.mem' is read successfully [C:/Users/training/Proiect_D8/Proiect_D8.srcs/sources_1/new/ROM.v:9]
INFO: [Synth 8-6155] done synthesizing module 'ROM' (0#1) [C:/Users/training/Proiect_D8/Proiect_D8.srcs/sources_1/new/ROM.v:1]
INFO: [Synth 8-6157] synthesizing module 'CNT2' [C:/Users/training/Proiect_D8/Proiect_D8.srcs/sources_1/new/ROM.v:74]
INFO: [Synth 8-6155] done synthesizing module 'CNT2' (0#1) [C:/Users/training/Proiect_D8/Proiect_D8.srcs/sources_1/new/ROM.v:74]
INFO: [Synth 8-6157] synthesizing module 'register' [C:/Users/training/Proiect_D8/Proiect_D8.srcs/sources_1/new/ROM.v:146]
INFO: [Synth 8-6155] done synthesizing module 'register' (0#1) [C:/Users/training/Proiect_D8/Proiect_D8.srcs/sources_1/new/ROM.v:146]
WARNING: [Synth 8-689] width (4) of port connection 'do' does not match port width (12) of module 'register' [C:/Users/training/Proiect_D8/Proiect_D8.srcs/sources_1/new/ROM.v:241]
INFO: [Synth 8-6157] synthesizing module 'ALU' [C:/Users/training/Proiect_D8/Proiect_D8.srcs/sources_1/new/ROM.v:120]
WARNING: [Synth 8-6090] variable 'ERR' is written by both blocking and non-blocking assignments, entire logic could be removed [C:/Users/training/Proiect_D8/Proiect_D8.srcs/sources_1/new/ROM.v:140]
INFO: [Synth 8-6155] done synthesizing module 'ALU' (0#1) [C:/Users/training/Proiect_D8/Proiect_D8.srcs/sources_1/new/ROM.v:120]
INFO: [Synth 8-6157] synthesizing module 'DEC_BT' [C:/Users/training/Proiect_D8/Proiect_D8.srcs/sources_1/new/ROM.v:171]
INFO: [Synth 8-155] case statement is not full and has no default [C:/Users/training/Proiect_D8/Proiect_D8.srcs/sources_1/new/ROM.v:176]
INFO: [Synth 8-6155] done synthesizing module 'DEC_BT' (0#1) [C:/Users/training/Proiect_D8/Proiect_D8.srcs/sources_1/new/ROM.v:171]
INFO: [Synth 8-6157] synthesizing module 'DEC_ERRF' [C:/Users/training/Proiect_D8/Proiect_D8.srcs/sources_1/new/ROM.v:157]
INFO: [Synth 8-6155] done synthesizing module 'DEC_ERRF' (0#1) [C:/Users/training/Proiect_D8/Proiect_D8.srcs/sources_1/new/ROM.v:157]
INFO: [Synth 8-6157] synthesizing module 'MUX41' [C:/Users/training/Proiect_D8/Proiect_D8.srcs/sources_1/new/ROM.v:85]
	Parameter SIZE bound to: 12 - type: integer 
WARNING: [Synth 8-567] referenced signal 'in0' should be on the sensitivity list [C:/Users/training/Proiect_D8/Proiect_D8.srcs/sources_1/new/ROM.v:90]
WARNING: [Synth 8-567] referenced signal 'in1' should be on the sensitivity list [C:/Users/training/Proiect_D8/Proiect_D8.srcs/sources_1/new/ROM.v:90]
WARNING: [Synth 8-567] referenced signal 'in2' should be on the sensitivity list [C:/Users/training/Proiect_D8/Proiect_D8.srcs/sources_1/new/ROM.v:90]
WARNING: [Synth 8-567] referenced signal 'in3' should be on the sensitivity list [C:/Users/training/Proiect_D8/Proiect_D8.srcs/sources_1/new/ROM.v:90]
INFO: [Synth 8-6155] done synthesizing module 'MUX41' (0#1) [C:/Users/training/Proiect_D8/Proiect_D8.srcs/sources_1/new/ROM.v:85]
INFO: [Synth 8-6157] synthesizing module 'DEC24' [C:/Users/training/Proiect_D8/Proiect_D8.srcs/sources_1/new/ROM.v:59]
INFO: [Synth 8-6155] done synthesizing module 'DEC24' (0#1) [C:/Users/training/Proiect_D8/Proiect_D8.srcs/sources_1/new/ROM.v:59]
INFO: [Synth 8-6157] synthesizing module 'MUX41__parameterized0' [C:/Users/training/Proiect_D8/Proiect_D8.srcs/sources_1/new/ROM.v:85]
WARNING: [Synth 8-567] referenced signal 'in0' should be on the sensitivity list [C:/Users/training/Proiect_D8/Proiect_D8.srcs/sources_1/new/ROM.v:90]
WARNING: [Synth 8-567] referenced signal 'in1' should be on the sensitivity list [C:/Users/training/Proiect_D8/Proiect_D8.srcs/sources_1/new/ROM.v:90]
WARNING: [Synth 8-567] referenced signal 'in2' should be on the sensitivity list [C:/Users/training/Proiect_D8/Proiect_D8.srcs/sources_1/new/ROM.v:90]
WARNING: [Synth 8-567] referenced signal 'in3' should be on the sensitivity list [C:/Users/training/Proiect_D8/Proiect_D8.srcs/sources_1/new/ROM.v:90]
INFO: [Synth 8-6155] done synthesizing module 'MUX41__parameterized0' (0#1) [C:/Users/training/Proiect_D8/Proiect_D8.srcs/sources_1/new/ROM.v:85]
INFO: [Synth 8-6157] synthesizing module 'DIGT_DEC' [C:/Users/training/Proiect_D8/Proiect_D8.srcs/sources_1/new/ROM.v:23]
INFO: [Synth 8-226] default block is never used [C:/Users/training/Proiect_D8/Proiect_D8.srcs/sources_1/new/ROM.v:38]
INFO: [Synth 8-6155] done synthesizing module 'DIGT_DEC' (0#1) [C:/Users/training/Proiect_D8/Proiect_D8.srcs/sources_1/new/ROM.v:23]
INFO: [Synth 8-6155] done synthesizing module 'top' (0#1) [C:/Users/training/Proiect_D8/Proiect_D8.srcs/sources_1/new/ROM.v:210]
---------------------------------------------------------------------------------
Finished RTL Elaboration : Time (s): cpu = 00:00:08 ; elapsed = 00:00:08 . Memory (MB): peak = 2370.109 ; gain = 501.840
---------------------------------------------------------------------------------
---------------------------------------------------------------------------------
Start Handling Custom Attributes
---------------------------------------------------------------------------------
---------------------------------------------------------------------------------
Finished Handling Custom Attributes : Time (s): cpu = 00:00:08 ; elapsed = 00:00:08 . Memory (MB): peak = 2388.031 ; gain = 519.762
---------------------------------------------------------------------------------
---------------------------------------------------------------------------------
Finished RTL Optimization Phase 1 : Time (s): cpu = 00:00:08 ; elapsed = 00:00:08 . Memory (MB): peak = 2388.031 ; gain = 519.762
---------------------------------------------------------------------------------
Netlist sorting complete. Time (s): cpu = 00:00:00 ; elapsed = 00:00:00.003 . Memory (MB): peak = 2388.031 ; gain = 0.000
INFO: [Project 1-570] Preparing netlist for logic optimization

Processing XDC Constraints
Initializing timing engine
Parsing XDC File [C:/Users/training/Proiect_D8/Proiect_D8.srcs/constrs_1/new/constr.xdc]
Finished Parsing XDC File [C:/Users/training/Proiect_D8/Proiect_D8.srcs/constrs_1/new/constr.xdc]
INFO: [Project 1-236] Implementation specific constraints were found while reading constraint file [C:/Users/training/Proiect_D8/Proiect_D8.srcs/constrs_1/new/constr.xdc]. These constraints will be ignored for synthesis but will be used in implementation. Impacted constraints are listed in the file [.Xil/top_propImpl.xdc].
Resolution: To avoid this warning, move constraints listed in [.Xil/top_propImpl.xdc] to another XDC file and exclude this new file from synthesis with the used_in_synthesis property (File Properties dialog in GUI) and re-run elaboration/synthesis.
Completed Processing XDC Constraints

Netlist sorting complete. Time (s): cpu = 00:00:00 ; elapsed = 00:00:00 . Memory (MB): peak = 2494.648 ; gain = 0.000
INFO: [Project 1-111] Unisim Transformation Summary:
No Unisim elements were transformed.

Constraint Validation Runtime : Time (s): cpu = 00:00:00 ; elapsed = 00:00:00.002 . Memory (MB): peak = 2494.648 ; gain = 0.000
INFO: [Designutils 20-5440] No compile time benefit to using incremental synthesis; A full resynthesis will be run
INFO: [Designutils 20-4379] Flow is switching to default flow due to incremental criteria not met. If you would like to alter this behaviour and have the flow terminate instead, please set the following parameter config_implementation {autoIncr.Synth.RejectBehavior Terminate}
---------------------------------------------------------------------------------
Finished Constraint Validation : Time (s): cpu = 00:00:16 ; elapsed = 00:00:16 . Memory (MB): peak = 2494.648 ; gain = 626.379
---------------------------------------------------------------------------------
---------------------------------------------------------------------------------
Start Loading Part and Timing Information
---------------------------------------------------------------------------------
Loading part: xc7z007sclg400-1
---------------------------------------------------------------------------------
Finished Loading Part and Timing Information : Time (s): cpu = 00:00:16 ; elapsed = 00:00:16 . Memory (MB): peak = 2494.648 ; gain = 626.379
---------------------------------------------------------------------------------
---------------------------------------------------------------------------------
Start Applying 'set_property' XDC Constraints
---------------------------------------------------------------------------------
---------------------------------------------------------------------------------
Finished applying 'set_property' XDC Constraints : Time (s): cpu = 00:00:16 ; elapsed = 00:00:16 . Memory (MB): peak = 2494.648 ; gain = 626.379
---------------------------------------------------------------------------------
WARNING: [Synth 8-327] inferring latch for variable 'OUT_reg' [C:/Users/training/Proiect_D8/Proiect_D8.srcs/sources_1/new/ROM.v:133]
WARNING: [Synth 8-327] inferring latch for variable 'OF_reg' [C:/Users/training/Proiect_D8/Proiect_D8.srcs/sources_1/new/ROM.v:133]
WARNING: [Synth 8-327] inferring latch for variable 'ZERO_reg' [C:/Users/training/Proiect_D8/Proiect_D8.srcs/sources_1/new/ROM.v:133]
WARNING: [Synth 8-327] inferring latch for variable 'out_reg' [C:/Users/training/Proiect_D8/Proiect_D8.srcs/sources_1/new/ROM.v:177]
---------------------------------------------------------------------------------
Finished RTL Optimization Phase 2 : Time (s): cpu = 00:00:16 ; elapsed = 00:00:16 . Memory (MB): peak = 2494.648 ; gain = 626.379
---------------------------------------------------------------------------------
---------------------------------------------------------------------------------
Start RTL Component Statistics 
---------------------------------------------------------------------------------
Detailed RTL Component Info : 
+---Adders : 
	   2 Input   13 Bit       Adders := 1     
	   3 Input   13 Bit       Adders := 1     
	   2 Input    7 Bit       Adders := 1     
	   2 Input    2 Bit       Adders := 1     
+---Registers : 
	               32 Bit    Registers := 1     
	               12 Bit    Registers := 3     
	                7 Bit    Registers := 1     
	                2 Bit    Registers := 2     
	                1 Bit    Registers := 1     
+---Muxes : 
	   9 Input   32 Bit        Muxes := 1     
	   4 Input   12 Bit        Muxes := 1     
	   4 Input    4 Bit        Muxes := 3     
	   7 Input    2 Bit        Muxes := 1     
	   5 Input    2 Bit        Muxes := 1     
	   2 Input    1 Bit        Muxes := 6     
	   8 Input    1 Bit        Muxes := 6     
	   5 Input    1 Bit        Muxes := 1     
	  16 Input    1 Bit        Muxes := 7     
---------------------------------------------------------------------------------
Finished RTL Component Statistics 
---------------------------------------------------------------------------------
---------------------------------------------------------------------------------
Start Part Resource Summary
---------------------------------------------------------------------------------
Part Resources:
DSPs: 66 (col length:40)
BRAMs: 100 (col length: RAMB18 40 RAMB36 20)
---------------------------------------------------------------------------------
Finished Part Resource Summary
---------------------------------------------------------------------------------
---------------------------------------------------------------------------------
Start Cross Boundary and Area Optimization
---------------------------------------------------------------------------------
WARNING: [Synth 8-7080] Parallel synthesis criteria is not met
WARNING: [Synth 8-3936] Found unconnected internal register 'RgOP/do_reg' and it is trimmed from '12' to '4' bits. [C:/Users/training/Proiect_D8/Proiect_D8.srcs/sources_1/new/ROM.v:153]
WARNING: [Synth 8-3936] Found unconnected internal register 'rom/out_reg' and it is trimmed from '32' to '28' bits. [C:/Users/training/Proiect_D8/Proiect_D8.srcs/sources_1/new/ROM.v:15]
WARNING: [Synth 8-3332] Sequential element (alu/OUT_reg[0]) is unused and will be removed from module top.
WARNING: [Synth 8-3332] Sequential element (alu/OF_reg) is unused and will be removed from module top.
---------------------------------------------------------------------------------
Finished Cross Boundary and Area Optimization : Time (s): cpu = 00:00:18 ; elapsed = 00:00:19 . Memory (MB): peak = 2494.648 ; gain = 626.379
---------------------------------------------------------------------------------
---------------------------------------------------------------------------------
Start Applying XDC Timing Constraints
---------------------------------------------------------------------------------
---------------------------------------------------------------------------------
Finished Applying XDC Timing Constraints : Time (s): cpu = 00:00:24 ; elapsed = 00:00:24 . Memory (MB): peak = 2494.648 ; gain = 626.379
---------------------------------------------------------------------------------
---------------------------------------------------------------------------------
Start Timing Optimization
---------------------------------------------------------------------------------
---------------------------------------------------------------------------------
Finished Timing Optimization : Time (s): cpu = 00:00:24 ; elapsed = 00:00:24 . Memory (MB): peak = 2494.648 ; gain = 626.379
---------------------------------------------------------------------------------
---------------------------------------------------------------------------------
Start Technology Mapping
---------------------------------------------------------------------------------
---------------------------------------------------------------------------------
Finished Technology Mapping : Time (s): cpu = 00:00:24 ; elapsed = 00:00:24 . Memory (MB): peak = 2494.648 ; gain = 626.379
---------------------------------------------------------------------------------
---------------------------------------------------------------------------------
Start IO Insertion
---------------------------------------------------------------------------------
---------------------------------------------------------------------------------
Start Flattening Before IO Insertion
---------------------------------------------------------------------------------
---------------------------------------------------------------------------------
Finished Flattening Before IO Insertion
---------------------------------------------------------------------------------
---------------------------------------------------------------------------------
Start Final Netlist Cleanup
---------------------------------------------------------------------------------
---------------------------------------------------------------------------------
Finished Final Netlist Cleanup
---------------------------------------------------------------------------------
---------------------------------------------------------------------------------
Finished IO Insertion : Time (s): cpu = 00:00:30 ; elapsed = 00:00:30 . Memory (MB): peak = 2494.648 ; gain = 626.379
---------------------------------------------------------------------------------
---------------------------------------------------------------------------------
Start Renaming Generated Instances
---------------------------------------------------------------------------------
---------------------------------------------------------------------------------
Finished Renaming Generated Instances : Time (s): cpu = 00:00:30 ; elapsed = 00:00:30 . Memory (MB): peak = 2494.648 ; gain = 626.379
---------------------------------------------------------------------------------
---------------------------------------------------------------------------------
Start Rebuilding User Hierarchy
---------------------------------------------------------------------------------
---------------------------------------------------------------------------------
Finished Rebuilding User Hierarchy : Time (s): cpu = 00:00:30 ; elapsed = 00:00:30 . Memory (MB): peak = 2494.648 ; gain = 626.379
---------------------------------------------------------------------------------
---------------------------------------------------------------------------------
Start Renaming Generated Ports
---------------------------------------------------------------------------------
---------------------------------------------------------------------------------
Finished Renaming Generated Ports : Time (s): cpu = 00:00:30 ; elapsed = 00:00:30 . Memory (MB): peak = 2494.648 ; gain = 626.379
---------------------------------------------------------------------------------
---------------------------------------------------------------------------------
Start Handling Custom Attributes
---------------------------------------------------------------------------------
---------------------------------------------------------------------------------
Finished Handling Custom Attributes : Time (s): cpu = 00:00:30 ; elapsed = 00:00:30 . Memory (MB): peak = 2494.648 ; gain = 626.379
---------------------------------------------------------------------------------
---------------------------------------------------------------------------------
Start Renaming Generated Nets
---------------------------------------------------------------------------------
---------------------------------------------------------------------------------
Finished Renaming Generated Nets : Time (s): cpu = 00:00:30 ; elapsed = 00:00:30 . Memory (MB): peak = 2494.648 ; gain = 626.379
---------------------------------------------------------------------------------
---------------------------------------------------------------------------------
Start Writing Synthesis Report
---------------------------------------------------------------------------------

Report BlackBoxes: 
+-+--------------+----------+
| |BlackBox name |Instances |
+-+--------------+----------+
+-+--------------+----------+

Report Cell Usage: 
+------+-------+------+
|      |Cell   |Count |
+------+-------+------+
|1     |BUFG   |     1|
|2     |CARRY4 |     5|
|3     |LUT1   |     5|
|4     |LUT2   |    14|
|5     |LUT3   |     6|
|6     |LUT4   |     6|
|7     |LUT5   |     4|
|8     |LUT6   |    16|
|9     |FDRE   |    36|
|10    |LD     |     6|
|11    |IBUF   |     5|
|12    |OBUF   |    11|
+------+-------+------+
---------------------------------------------------------------------------------
Finished Writing Synthesis Report : Time (s): cpu = 00:00:30 ; elapsed = 00:00:30 . Memory (MB): peak = 2494.648 ; gain = 626.379
---------------------------------------------------------------------------------
Synthesis finished with 0 errors, 0 critical warnings and 9 warnings.
Synthesis Optimization Runtime : Time (s): cpu = 00:00:20 ; elapsed = 00:00:29 . Memory (MB): peak = 2494.648 ; gain = 519.762
Synthesis Optimization Complete : Time (s): cpu = 00:00:30 ; elapsed = 00:00:30 . Memory (MB): peak = 2494.648 ; gain = 626.379
INFO: [Project 1-571] Translating synthesized netlist
Netlist sorting complete. Time (s): cpu = 00:00:00 ; elapsed = 00:00:00.001 . Memory (MB): peak = 2494.648 ; gain = 0.000
INFO: [Netlist 29-17] Analyzing 11 Unisim elements for replacement
INFO: [Netlist 29-28] Unisim Transformation completed in 0 CPU seconds
INFO: [Project 1-570] Preparing netlist for logic optimization
INFO: [Opt 31-138] Pushed 1 inverter(s) to 3 load pin(s).
Netlist sorting complete. Time (s): cpu = 00:00:00 ; elapsed = 00:00:00 . Memory (MB): peak = 2494.648 ; gain = 0.000
INFO: [Project 1-111] Unisim Transformation Summary:
  A total of 6 instances were transformed.
  LD => LDCE: 3 instances
  LD => LDCE (inverted pins: G): 3 instances

Synth Design complete | Checksum: d0a3c563
INFO: [Common 17-83] Releasing license: Synthesis
50 Infos, 19 Warnings, 0 Critical Warnings and 0 Errors encountered.
synth_design completed successfully
synth_design: Time (s): cpu = 00:00:35 ; elapsed = 00:00:37 . Memory (MB): peak = 2494.648 ; gain = 1011.746
INFO: [Common 17-1381] The checkpoint 'C:/Users/training/Proiect_D8/Proiect_D8.runs/synth_1/top.dcp' has been generated.
INFO: [runtcl-4] Executing : report_utilization -file top_utilization_synth.rpt -pb top_utilization_synth.pb
INFO: [Common 17-206] Exiting Vivado at Thu Jul 11 12:22:37 2024...
