INFO: [VRFC 10-2263] Analyzing Verilog file "D:/AMD_SP/MIPS - cu display/ALU.v" into library xil_defaultlib
INFO: [VRFC 10-311] analyzing module ADDER
INFO: [VRFC 10-311] analyzing module SHL
INFO: [VRFC 10-311] analyzing module ALU
INFO: [VRFC 10-2263] Analyzing Verilog file "D:/AMD_SP/MIPS - cu display/ControlUnit.v" into library xil_defaultlib
INFO: [VRFC 10-311] analyzing module ControlUnit
INFO: [VRFC 10-2263] Analyzing Verilog file "D:/AMD_SP/MIPS - cu display/DataMemory.v" into library xil_defaultlib
INFO: [VRFC 10-311] analyzing module DataMemory
INFO: [VRFC 10-2263] Analyzing Verilog file "D:/AMD_SP/MIPS - cu display/Display.v" into library xil_defaultlib
INFO: [VRFC 10-311] analyzing module DIGT_DEC
INFO: [VRFC 10-311] analyzing module DEC24
INFO: [VRFC 10-311] analyzing module CNT2
INFO: [VRFC 10-311] analyzing module MUX41
INFO: [VRFC 10-311] analyzing module clk_divider
INFO: [VRFC 10-2263] Analyzing Verilog file "D:/AMD_SP/MIPS - cu display/InstructionMemory.v" into library xil_defaultlib
INFO: [VRFC 10-311] analyzing module InstructionMemory
INFO: [VRFC 10-2263] Analyzing Verilog file "D:/AMD_SP/MIPS - cu display/MUX.v" into library xil_defaultlib
INFO: [VRFC 10-311] analyzing module MUX21
INFO: [VRFC 10-2263] Analyzing Verilog file "D:/AMD_SP/MIPS - cu display/ProgramCounter.v" into library xil_defaultlib
INFO: [VRFC 10-311] analyzing module ProgramCounter
INFO: [VRFC 10-2263] Analyzing Verilog file "D:/AMD_SP/MIPS - cu display/RegisterBank.v" into library xil_defaultlib
INFO: [VRFC 10-311] analyzing module RegisterBank
INFO: [VRFC 10-2263] Analyzing Verilog file "D:/AMD_SP/MIPS - cu display/SignExt.v" into library xil_defaultlib
INFO: [VRFC 10-311] analyzing module SignExt
INFO: [VRFC 10-2263] Analyzing Verilog file "D:/AMD_SP/MIPS - cu display/top.v" into library xil_defaultlib
INFO: [VRFC 10-311] analyzing module top
INFO: [VRFC 10-311] analyzing module tb
